<?xml version="1.0" encoding="UTF-8"?>
<!-- Generated by org.testng.reporters.JUnitXMLReporter -->
<testsuite ignored="0" hostname="TL0017" failures="0" tests="3" name="Test" time="105.371" errors="0" timestamp="2023-05-13T13:15:28 IST">
  <testcase classname="testcases.CreateLead" name="runCreate" time="25.996"/>
  <testcase classname="testcases.CreateLead" name="runCreate" time="17.596"/>
  <testcase classname="testcases.CreateLead" name="runCreate" time="18.24"/>
</testsuite> <!-- Test -->
